cc;2018/05/03;5552468190471987;;500.0;400.0;Carrefour Travel
